<?xml version="1.0" encoding="UTF-8"?>
<testng-results skipped="0" failed="0" ignored="0" total="2" passed="2">
  <reporter-output>
  </reporter-output>
  <suite name="Default suite" duration-ms="6667" started-at="2020-04-17T21:43:02Z" finished-at="2020-04-17T21:43:09Z">
    <groups>
    </groups>
    <test name="Default test" duration-ms="6667" started-at="2020-04-17T21:43:02Z" finished-at="2020-04-17T21:43:09Z">
      <class name="com.thiago.teste.GoogleSearchTest">
        <test-method status="PASS" signature="google0()[pri:0, instance:com.thiago.teste.GoogleSearchTest@263f04ca]" name="google0" duration-ms="3831" started-at="2020-04-17T21:43:03Z" finished-at="2020-04-17T21:43:06Z">
          <reporter-output>
          </reporter-output>
        </test-method> <!-- google0 -->
        <test-method status="PASS" signature="google1()[pri:0, instance:com.thiago.teste.GoogleSearchTest@263f04ca]" name="google1" duration-ms="2251" started-at="2020-04-17T21:43:07Z" finished-at="2020-04-17T21:43:09Z">
          <reporter-output>
          </reporter-output>
        </test-method> <!-- google1 -->
      </class> <!-- com.thiago.teste.GoogleSearchTest -->
    </test> <!-- Default test -->
  </suite> <!-- Default suite -->
</testng-results>
